[
  {
    "level": "INFO",
    "message": "android.ndkVersion from module build.gradle is not set"
  },
  {
    "level": "INFO",
    "message": "ndk.dir in local.properties is not set"
  },
  {
    "level": "INFO",
    "message": "ANDROID_NDK_HOME environment variable is C:\\Users\\idanb\\AppData\\Local\\Android\\Sdk\\ndk"
  },
  {
    "level": "INFO",
    "message": "sdkFolder is C:\\Users\\idanb\\AppData\\Local\\Android\\Sdk"
  },
  {
    "level": "WARN",
    "message": "Support for ANDROID_NDK_HOME is deprecated and will be removed in the future. Use android.ndkVersion in build.gradle instead."
  },
  {
    "level": "INFO",
    "message": "Considering C:\\Users\\idanb\\AppData\\Local\\Android\\Sdk\\ndk by ANDROID_NDK_HOME"
  },
  {
    "level": "INFO",
    "message": "Considering C:\\Users\\idanb\\AppData\\Local\\Android\\Sdk\\ndk-bundle in SDK ndk-bundle folder"
  },
  {
    "level": "INFO",
    "message": "Considering C:\\Users\\idanb\\AppData\\Local\\Android\\Sdk\\ndk\\21.0.6113669 in SDK ndk folder"
  },
  {
    "level": "INFO",
    "message": "Considering C:\\Users\\idanb\\AppData\\Local\\Android\\Sdk\\ndk\\21.1.6352462 in SDK ndk folder"
  },
  {
    "level": "INFO",
    "message": "Considering C:\\Users\\idanb\\AppData\\Local\\Android\\Sdk\\ndk\\21.2.6472646 in SDK ndk folder"
  },
  {
    "level": "INFO",
    "message": "Considering C:\\Users\\idanb\\AppData\\Local\\Android\\Sdk\\ndk\\21.3.6528147 in SDK ndk folder"
  },
  {
    "level": "INFO",
    "message": "Rejected C:\\Users\\idanb\\AppData\\Local\\Android\\Sdk\\ndk by ANDROID_NDK_HOME because that location has no source.properties"
  },
  {
    "level": "INFO",
    "message": "Rejected C:\\Users\\idanb\\AppData\\Local\\Android\\Sdk\\ndk-bundle in SDK ndk-bundle folder because that location has no source.properties"
  },
  {
    "level": "INFO",
    "message": "No user requested version, choosing C:\\Users\\idanb\\AppData\\Local\\Android\\Sdk\\ndk\\21.3.6528147 which is version 21.3.6528147"
  }
]